<?xml version="1.0" encoding="UTF-8"?>
<robot generator="Robot 6.1.1 (Python 3.11.5 on win32)" generated="20230919 16:02:05.597" rpa="false" schemaversion="4">
<suite id="s1" name="loginHRM" source="c:\Users\elidr\Desktop\Ma session 3\Techniques d'automatisation des tests 1\Séance 2\loginHRM.robot">
<test id="s1-t1" name="tc01 login test" line="10">
<kw name="Open Browser" library="SeleniumLibrary">
<arg>${url}</arg>
<arg>${navigateur}</arg>
<doc>Opens a new browser instance to the optional ``url``.</doc>
<msg timestamp="20230919 16:02:05.823" level="INFO">Opening browser 'edge' to base url 'https://opensource-demo.orangehrmlive.com/web/index.php/auth/login'.</msg>
<status status="PASS" starttime="20230919 16:02:05.823" endtime="20230919 16:02:09.168"/>
</kw>
<kw name="Maximize Browser Window" library="SeleniumLibrary">
<doc>Maximizes current browser window.</doc>
<status status="PASS" starttime="20230919 16:02:09.169" endtime="20230919 16:02:09.285"/>
</kw>
<kw name="Sleep" library="BuiltIn">
<arg>3</arg>
<doc>Pauses the test executed for the given time.</doc>
<msg timestamp="20230919 16:02:12.287" level="INFO">Slept 3 seconds</msg>
<status status="PASS" starttime="20230919 16:02:09.286" endtime="20230919 16:02:12.287"/>
</kw>
<kw name="Input Text" library="SeleniumLibrary">
<arg>name:username</arg>
<arg>${username}</arg>
<doc>Types the given ``text`` into the text field identified by ``locator``.</doc>
<msg timestamp="20230919 16:02:12.287" level="INFO">Typing text 'Admin' into text field 'name:username'.</msg>
<status status="PASS" starttime="20230919 16:02:12.287" endtime="20230919 16:02:12.361"/>
</kw>
<kw name="Input Password" library="SeleniumLibrary">
<arg>name:password</arg>
<arg>${password}</arg>
<doc>Types the given password into the text field identified by ``locator``.</doc>
<msg timestamp="20230919 16:02:12.362" level="INFO">Typing password into text field 'name:password'.</msg>
<msg timestamp="20230919 16:02:12.386" level="INFO">Temporally setting log level to: NONE</msg>
<msg timestamp="20230919 16:02:12.445" level="INFO">Log level changed from NONE to INFO.</msg>
<status status="PASS" starttime="20230919 16:02:12.362" endtime="20230919 16:02:12.445"/>
</kw>
<kw name="Click Button" library="SeleniumLibrary">
<arg>class:oxd-button</arg>
<doc>Clicks the button identified by ``locator``.</doc>
<msg timestamp="20230919 16:02:12.447" level="INFO">Clicking button 'class:oxd-button'.</msg>
<status status="PASS" starttime="20230919 16:02:12.446" endtime="20230919 16:02:13.710"/>
</kw>
<kw name="Sleep" library="BuiltIn">
<arg>3</arg>
<doc>Pauses the test executed for the given time.</doc>
<msg timestamp="20230919 16:02:16.711" level="INFO">Slept 3 seconds</msg>
<status status="PASS" starttime="20230919 16:02:13.711" endtime="20230919 16:02:16.712"/>
</kw>
<kw name="Element Text Should Be" library="SeleniumLibrary">
<arg>xpath://*[@id="app"]/div[1]/div[1]/header/div[1]/div[1]/span/h6</arg>
<arg>Dashboard</arg>
<doc>Verifies that element ``locator`` contains exact the text ``expected``.</doc>
<msg timestamp="20230919 16:02:16.717" level="INFO">Verifying element 'xpath://*[@id="app"]/div[1]/div[1]/header/div[1]/div[1]/span/h6' contains exact text 'Dashboard'.</msg>
<status status="PASS" starttime="20230919 16:02:16.715" endtime="20230919 16:02:16.746"/>
</kw>
<kw name="Click Element" library="SeleniumLibrary">
<arg>xpath:// p[@class="oxd-userdropdown-name"]</arg>
<doc>Click the element identified by ``locator``.</doc>
<msg timestamp="20230919 16:02:16.748" level="INFO">Clicking element 'xpath:// p[@class="oxd-userdropdown-name"]'.</msg>
<status status="PASS" starttime="20230919 16:02:16.747" endtime="20230919 16:02:16.784"/>
</kw>
<kw name="Sleep" library="BuiltIn">
<arg>3</arg>
<doc>Pauses the test executed for the given time.</doc>
<msg timestamp="20230919 16:02:19.784" level="INFO">Slept 3 seconds</msg>
<status status="PASS" starttime="20230919 16:02:16.784" endtime="20230919 16:02:19.785"/>
</kw>
<kw name="Click Element" library="SeleniumLibrary">
<arg>link:Logout</arg>
<doc>Click the element identified by ``locator``.</doc>
<msg timestamp="20230919 16:02:19.786" level="INFO">Clicking element 'link:Logout'.</msg>
<status status="PASS" starttime="20230919 16:02:19.786" endtime="20230919 16:02:20.423"/>
</kw>
<kw name="Sleep" library="BuiltIn">
<arg>3</arg>
<doc>Pauses the test executed for the given time.</doc>
<msg timestamp="20230919 16:02:23.424" level="INFO">Slept 3 seconds</msg>
<status status="PASS" starttime="20230919 16:02:20.423" endtime="20230919 16:02:23.424"/>
</kw>
<kw name="Element Should Be Visible" library="SeleniumLibrary">
<arg>class:oxd-button</arg>
<doc>Verifies that the element identified by ``locator`` is visible.</doc>
<msg timestamp="20230919 16:02:23.523" level="INFO">Element 'class:oxd-button' is displayed.</msg>
<status status="PASS" starttime="20230919 16:02:23.425" endtime="20230919 16:02:23.523"/>
</kw>
<kw name="Close Browser" library="SeleniumLibrary">
<doc>Closes the current browser.</doc>
<status status="PASS" starttime="20230919 16:02:23.530" endtime="20230919 16:02:25.780"/>
</kw>
<status status="PASS" starttime="20230919 16:02:05.823" endtime="20230919 16:02:25.781"/>
</test>
<status status="PASS" starttime="20230919 16:02:05.604" endtime="20230919 16:02:25.785"/>
</suite>
<statistics>
<total>
<stat pass="1" fail="0" skip="0">All Tests</stat>
</total>
<tag>
</tag>
<suite>
<stat pass="1" fail="0" skip="0" id="s1" name="loginHRM">loginHRM</stat>
</suite>
</statistics>
<errors>
</errors>
</robot>
